Arguments: 
  C:\Program Files\nodejs\node.exe C:\Users\nanettehosenfeld\AppData\Roaming\npm\node_modules\yarn\bin\yarn.js init

PATH: 
  C:\Users\nanettehosenfeld\bin;C:\Git\mingw64\bin;C:\Git\usr\local\bin;C:\Git\usr\bin;C:\Git\usr\bin;C:\Git\mingw64\bin;C:\Git\usr\bin;C:\Users\nanettehosenfeld\bin;C:\Python27;C:\Python27\Scripts;C:\ProgramData\Oracle\Java\javapath;C:\oracle\product\11.2.0\client\bin;C:\WINDOWS\system32;C:\WINDOWS;C:\WINDOWS\System32\Wbem;C:\WINDOWS\System32\WindowsPowerShell\v1.0;C:\Program Files (x86)\ActivIdentity\ActivClient;C:\Program Files\ActivIdentity\ActivClient;C:\Perl\bin;C:\Program Files (x86)\Common Files\ThinPrint;C:\Users\nanettehosenfeld\.dnx\bin;C:\Program Files\Microsoft DNX\Dnvm;C:\Program Files\Microsoft SQL Server\130\Tools\Binn;C:\php;C:\WINDOWS\System32\WindowsPowerShell\v1.0;C:\WINDOWS\System32\WindowsPowerShell\v1.0;C:\Git\cmd;C:\Program Files\PuTTY;C:\Program Files\nodejs;C:\Users\nanettehosenfeld\AppData\Roaming\npm;C:\Git\usr\bin\vendor_perl;C:\Git\usr\bin\core_perl

Yarn version: 
  0.27.5

Node version: 
  8.2.1

Platform: 
  win32 x64

npm manifest: 
  No manifest

yarn manifest: 
  No manifest

Lockfile: 
  No lockfile

Trace: 
  Error: Can't answer a question unless a user TTY
      at ConsoleReporter.question (C:\Users\nanettehosenfeld\AppData\Roaming\npm\node_modules\yarn\lib\reporters\console\console-reporter.js:221:29)
      at Object.<anonymous> (C:\Users\nanettehosenfeld\AppData\Roaming\npm\node_modules\yarn\lib\cli\commands\init.js:117:38)
      at Generator.next (<anonymous>)
      at step (C:\Users\nanettehosenfeld\AppData\Roaming\npm\node_modules\yarn\node_modules\babel-runtime\helpers\asyncToGenerator.js:17:30)
      at C:\Users\nanettehosenfeld\AppData\Roaming\npm\node_modules\yarn\node_modules\babel-runtime\helpers\asyncToGenerator.js:28:13
      at <anonymous>
      at process._tickCallback (internal/process/next_tick.js:188:7)
